<?xml version="1.0" encoding="UTF-8"?>
<!-- Generated by org.testng.reporters.JUnitReportReporter -->
<testsuite hostname="DESKTOP-IKFPQPJ" failures="0" tests="1" name="FitPeo.StandAloneTest" time="15.163" errors="0" timestamp="2024-11-27T00:45:35 IST" skipped="0">
  <testcase classname="FitPeo.StandAloneTest" name="FitPeoTest" time="15.163"/>
</testsuite> <!-- FitPeo.StandAloneTest -->
